0 info it worked if it ends with ok
1 verbose cli [ '/usr/local/bin/iojs', '/usr/local/bin/npm', 'run', 'build' ]
2 info using npm@2.11.0
3 info using node@v2.2.1
4 verbose run-script [ 'prebuild', 'build', 'postbuild' ]
5 info prebuild jackhq.com@1.0.1
6 info build jackhq.com@1.0.1
7 verbose unsafe-perm in lifecycle true
8 info jackhq.com@1.0.1 Failed to exec build script
9 verbose stack Error: jackhq.com@1.0.1 build: `node scripts/build`
9 verbose stack Exit status 1
9 verbose stack     at EventEmitter.<anonymous> (/usr/local/lib/node_modules/npm/lib/utils/lifecycle.js:213:16)
9 verbose stack     at emitTwo (events.js:87:13)
9 verbose stack     at EventEmitter.emit (events.js:172:7)
9 verbose stack     at ChildProcess.<anonymous> (/usr/local/lib/node_modules/npm/lib/utils/spawn.js:24:14)
9 verbose stack     at emitTwo (events.js:87:13)
9 verbose stack     at ChildProcess.emit (events.js:172:7)
9 verbose stack     at maybeClose (internal/child_process.js:763:16)
9 verbose stack     at Process.ChildProcess._handle.onexit (internal/child_process.js:210:5)
10 verbose pkgid jackhq.com@1.0.1
11 verbose cwd /Users/twilson631/code/jackhq.com
12 error Darwin 14.0.0
13 error argv "/usr/local/bin/iojs" "/usr/local/bin/npm" "run" "build"
14 error node v2.2.1
15 error npm  v2.11.0
16 error code ELIFECYCLE
17 error jackhq.com@1.0.1 build: `node scripts/build`
17 error Exit status 1
18 error Failed at the jackhq.com@1.0.1 build script 'node scripts/build'.
18 error This is most likely a problem with the jackhq.com package,
18 error not with npm itself.
18 error Tell the author that this fails on your system:
18 error     node scripts/build
18 error You can get their info via:
18 error     npm owner ls jackhq.com
18 error There is likely additional logging output above.
19 verbose exit [ 1, true ]
